{
  "stats": {
    "suites": 1,
    "tests": 6,
    "passes": 6,
    "pending": 0,
    "failures": 0,
    "start": "2020-09-25T15:34:26.188Z",
    "end": "2020-09-25T15:34:53.498Z",
    "duration": 27310,
    "testsRegistered": 6,
    "passPercent": 100,
    "pendingPercent": 0,
    "other": 0,
    "hasOther": false,
    "skipped": 0,
    "hasSkipped": false
  },
  "results": [
    {
      "uuid": "47e40acc-6c49-4a83-b700-19b2dc0d732b",
      "title": "",
      "fullFile": "cypress\\integration\\articles.feature",
      "file": "cypress\\integration\\articles.feature",
      "beforeHooks": [],
      "afterHooks": [],
      "tests": [],
      "suites": [
        {
          "uuid": "a29f9378-626a-4741-9f27-8c66211dc95f",
          "title": "User tries to upload and delete articles",
          "fullFile": "",
          "file": "",
          "beforeHooks": [],
          "afterHooks": [],
          "tests": [
            {
              "title": "User can publish a new article with all sections filled then delete it (example #1)",
              "fullTitle": "User tries to upload and delete articles User can publish a new article with all sections filled then delete it (example #1)",
              "timedOut": null,
              "duration": 6201,
              "state": "passed",
              "speed": "slow",
              "pass": true,
              "fail": false,
              "pending": false,
              "context": null,
              "code": "const state = window.testState;\nreturn cy\n  .then(() => state.onStartScenario(scenario, indexedSteps))\n  .then(() =>\n    resolveAndRunBeforeHooks.call(this, scenario.tags, state.feature.name)\n  )\n  .then(() =>\n    indexedSteps.forEach(step =>\n      stepTest.call(this, state, step, rowData)\n    )\n  )\n  .then(() =>\n    resolveAndRunAfterHooks.call(this, scenario.tags, state.feature.name)\n  )\n  .then(() => state.onFinishScenario(scenario));",
              "err": {},
              "uuid": "cccd1380-be4f-46c3-9ebf-6af4a698c837",
              "parentUUID": "a29f9378-626a-4741-9f27-8c66211dc95f",
              "isHook": false,
              "skipped": false
            },
            {
              "title": "User can publish an article without tags then delete it (example #1)",
              "fullTitle": "User tries to upload and delete articles User can publish an article without tags then delete it (example #1)",
              "timedOut": null,
              "duration": 4760,
              "state": "passed",
              "speed": "slow",
              "pass": true,
              "fail": false,
              "pending": false,
              "context": null,
              "code": "const state = window.testState;\nreturn cy\n  .then(() => state.onStartScenario(scenario, indexedSteps))\n  .then(() =>\n    resolveAndRunBeforeHooks.call(this, scenario.tags, state.feature.name)\n  )\n  .then(() =>\n    indexedSteps.forEach(step =>\n      stepTest.call(this, state, step, rowData)\n    )\n  )\n  .then(() =>\n    resolveAndRunAfterHooks.call(this, scenario.tags, state.feature.name)\n  )\n  .then(() => state.onFinishScenario(scenario));",
              "err": {},
              "uuid": "e74570e3-f305-419c-a06e-b8ce4fa549b8",
              "parentUUID": "a29f9378-626a-4741-9f27-8c66211dc95f",
              "isHook": false,
              "skipped": false
            },
            {
              "title": "User can't publish an article with a missing body, description or title (example #1)",
              "fullTitle": "User tries to upload and delete articles User can't publish an article with a missing body, description or title (example #1)",
              "timedOut": null,
              "duration": 3418,
              "state": "passed",
              "speed": "slow",
              "pass": true,
              "fail": false,
              "pending": false,
              "context": null,
              "code": "const state = window.testState;\nreturn cy\n  .then(() => state.onStartScenario(scenario, indexedSteps))\n  .then(() =>\n    resolveAndRunBeforeHooks.call(this, scenario.tags, state.feature.name)\n  )\n  .then(() =>\n    indexedSteps.forEach(step =>\n      stepTest.call(this, state, step, rowData)\n    )\n  )\n  .then(() =>\n    resolveAndRunAfterHooks.call(this, scenario.tags, state.feature.name)\n  )\n  .then(() => state.onFinishScenario(scenario));",
              "err": {},
              "uuid": "639dfdfc-a803-4757-8764-6acd0fefe957",
              "parentUUID": "a29f9378-626a-4741-9f27-8c66211dc95f",
              "isHook": false,
              "skipped": false
            },
            {
              "title": "User can't publish an article with a missing body, description or title (example #2)",
              "fullTitle": "User tries to upload and delete articles User can't publish an article with a missing body, description or title (example #2)",
              "timedOut": null,
              "duration": 3117,
              "state": "passed",
              "speed": "slow",
              "pass": true,
              "fail": false,
              "pending": false,
              "context": null,
              "code": "const state = window.testState;\nreturn cy\n  .then(() => state.onStartScenario(scenario, indexedSteps))\n  .then(() =>\n    resolveAndRunBeforeHooks.call(this, scenario.tags, state.feature.name)\n  )\n  .then(() =>\n    indexedSteps.forEach(step =>\n      stepTest.call(this, state, step, rowData)\n    )\n  )\n  .then(() =>\n    resolveAndRunAfterHooks.call(this, scenario.tags, state.feature.name)\n  )\n  .then(() => state.onFinishScenario(scenario));",
              "err": {},
              "uuid": "eb37ec2e-8e6e-4198-9686-725a959e2a2c",
              "parentUUID": "a29f9378-626a-4741-9f27-8c66211dc95f",
              "isHook": false,
              "skipped": false
            },
            {
              "title": "User can't publish an article with a missing body, description or title (example #3)",
              "fullTitle": "User tries to upload and delete articles User can't publish an article with a missing body, description or title (example #3)",
              "timedOut": null,
              "duration": 3410,
              "state": "passed",
              "speed": "slow",
              "pass": true,
              "fail": false,
              "pending": false,
              "context": null,
              "code": "const state = window.testState;\nreturn cy\n  .then(() => state.onStartScenario(scenario, indexedSteps))\n  .then(() =>\n    resolveAndRunBeforeHooks.call(this, scenario.tags, state.feature.name)\n  )\n  .then(() =>\n    indexedSteps.forEach(step =>\n      stepTest.call(this, state, step, rowData)\n    )\n  )\n  .then(() =>\n    resolveAndRunAfterHooks.call(this, scenario.tags, state.feature.name)\n  )\n  .then(() => state.onFinishScenario(scenario));",
              "err": {},
              "uuid": "34c7d119-9ae0-4e06-a4b7-c40a2cb278c3",
              "parentUUID": "a29f9378-626a-4741-9f27-8c66211dc95f",
              "isHook": false,
              "skipped": false
            },
            {
              "title": "User cannot delete article they don't own (example #1)",
              "fullTitle": "User tries to upload and delete articles User cannot delete article they don't own (example #1)",
              "timedOut": null,
              "duration": 6230,
              "state": "passed",
              "speed": "slow",
              "pass": true,
              "fail": false,
              "pending": false,
              "context": null,
              "code": "const state = window.testState;\nreturn cy\n  .then(() => state.onStartScenario(scenario, indexedSteps))\n  .then(() =>\n    resolveAndRunBeforeHooks.call(this, scenario.tags, state.feature.name)\n  )\n  .then(() =>\n    indexedSteps.forEach(step =>\n      stepTest.call(this, state, step, rowData)\n    )\n  )\n  .then(() =>\n    resolveAndRunAfterHooks.call(this, scenario.tags, state.feature.name)\n  )\n  .then(() => state.onFinishScenario(scenario));",
              "err": {},
              "uuid": "633fe847-45c4-4446-9619-85f6bdc7b378",
              "parentUUID": "a29f9378-626a-4741-9f27-8c66211dc95f",
              "isHook": false,
              "skipped": false
            }
          ],
          "suites": [],
          "passes": [
            "cccd1380-be4f-46c3-9ebf-6af4a698c837",
            "e74570e3-f305-419c-a06e-b8ce4fa549b8",
            "639dfdfc-a803-4757-8764-6acd0fefe957",
            "eb37ec2e-8e6e-4198-9686-725a959e2a2c",
            "34c7d119-9ae0-4e06-a4b7-c40a2cb278c3",
            "633fe847-45c4-4446-9619-85f6bdc7b378"
          ],
          "failures": [],
          "pending": [],
          "skipped": [],
          "duration": 27136,
          "root": false,
          "rootEmpty": false,
          "_timeout": 2000
        }
      ],
      "passes": [],
      "failures": [],
      "pending": [],
      "skipped": [],
      "duration": 0,
      "root": true,
      "rootEmpty": true,
      "_timeout": 2000
    }
  ],
  "meta": {
    "mocha": {
      "version": "7.0.1"
    },
    "mochawesome": {
      "options": {
        "quiet": false,
        "reportFilename": "mochawesome",
        "saveHtml": false,
        "saveJson": true,
        "consoleReporter": "spec",
        "useInlineDiffs": false,
        "code": true
      },
      "version": "6.1.1"
    },
    "marge": {
      "options": {
        "id": "default",
        "reportDir": "cypress/reports/mocha",
        "overwrite": false,
        "html": false,
        "json": true
      },
      "version": "5.1.0"
    }
  }
}