{
  "stats": {
    "suites": 1,
    "tests": 1,
    "passes": 0,
    "pending": 0,
    "failures": 1,
    "start": "2020-09-25T15:34:13.723Z",
    "end": "2020-09-25T15:34:18.517Z",
    "duration": 4794,
    "testsRegistered": 1,
    "passPercent": 0,
    "pendingPercent": 0,
    "other": 0,
    "hasOther": false,
    "skipped": 0,
    "hasSkipped": false
  },
  "results": [
    {
      "uuid": "6aaa603e-d3ff-45e2-b351-8c368bc71dcd",
      "title": "",
      "fullFile": "cypress\\integration\\accessibility.feature",
      "file": "cypress\\integration\\accessibility.feature",
      "beforeHooks": [],
      "afterHooks": [],
      "tests": [],
      "suites": [
        {
          "uuid": "5dbfa452-bb50-411d-9a6d-aea0de3707d3",
          "title": "There should be no accessibility bugs that appear on the pages",
          "fullFile": "",
          "file": "",
          "beforeHooks": [],
          "afterHooks": [],
          "tests": [
            {
              "title": "User doesn't have any accessibility issues on the homepage (example #1)",
              "fullTitle": "There should be no accessibility bugs that appear on the pages User doesn't have any accessibility issues on the homepage (example #1)",
              "timedOut": null,
              "duration": 4259,
              "state": "failed",
              "speed": null,
              "pass": false,
              "fail": true,
              "pending": false,
              "context": "\"C:\\\\Users\\\\marcu\\\\Desktop\\\\ConvertrTestFramework\\\\cypress\\\\screenshots${\\n            Cypress.spec.name\\n        }${runnable.parent.title} -- User doesn't have any accessibility issues on the homepage (example #1) (failed).png\"",
              "code": "const state = window.testState;\nreturn cy\n  .then(() => state.onStartScenario(scenario, indexedSteps))\n  .then(() =>\n    resolveAndRunBeforeHooks.call(this, scenario.tags, state.feature.name)\n  )\n  .then(() =>\n    indexedSteps.forEach(step =>\n      stepTest.call(this, state, step, rowData)\n    )\n  )\n  .then(() =>\n    resolveAndRunAfterHooks.call(this, scenario.tags, state.feature.name)\n  )\n  .then(() => state.onFinishScenario(scenario));",
              "err": {
                "message": "AssertionError: 5 accessibility violations were detected: expected 5 to equal 0",
                "estack": "AssertionError: 5 accessibility violations were detected: expected 5 to equal 0\n    at Context.eval (http://localhost:4202/__cypress/tests?p=cypress\\support\\index.js:1829:443712)",
                "diff": null
              },
              "uuid": "7db44510-862b-4831-9e1a-d73fe3365ef4",
              "parentUUID": "5dbfa452-bb50-411d-9a6d-aea0de3707d3",
              "isHook": false,
              "skipped": false
            }
          ],
          "suites": [],
          "passes": [],
          "failures": [
            "7db44510-862b-4831-9e1a-d73fe3365ef4"
          ],
          "pending": [],
          "skipped": [],
          "duration": 4259,
          "root": false,
          "rootEmpty": false,
          "_timeout": 2000
        }
      ],
      "passes": [],
      "failures": [],
      "pending": [],
      "skipped": [],
      "duration": 0,
      "root": true,
      "rootEmpty": true,
      "_timeout": 2000
    }
  ],
  "meta": {
    "mocha": {
      "version": "7.0.1"
    },
    "mochawesome": {
      "options": {
        "quiet": false,
        "reportFilename": "mochawesome",
        "saveHtml": false,
        "saveJson": true,
        "consoleReporter": "spec",
        "useInlineDiffs": false,
        "code": true
      },
      "version": "6.1.1"
    },
    "marge": {
      "options": {
        "id": "default",
        "reportDir": "cypress/reports/mocha",
        "overwrite": false,
        "html": false,
        "json": true
      },
      "version": "5.1.0"
    }
  }
}